<?xml version="1.0" encoding="UTF-8"?>
<!-- Generated by org.testng.reporters.JUnitReportReporter -->
<testsuite hostname="ASISH" failures="0" tests="1" name="testpages.StarHealthPageTest2" time="7.015" errors="0" timestamp="2023-10-23T23:06:43 IST" skipped="0">
  <testcase classname="testpages.StarHealthPageTest2" name="fetch_All_Link" time="7.015"/>
</testsuite> <!-- testpages.StarHealthPageTest2 -->
