<?xml version="1.0" encoding="UTF-8"?>
<!-- Generated by org.testng.reporters.JUnitReportReporter -->
<testsuite hostname="ASISH" failures="0" tests="7" name="testpages.StarHealthPageTest" time="69.493" errors="0" timestamp="2023-10-23T23:06:43 IST" skipped="0">
  <testcase classname="testpages.StarHealthPageTest" name="Validate_Alt_Value_Of_Logo" time="8.145"/>
  <testcase classname="testpages.StarHealthPageTest" name="click_on_plans" time="4.891"/>
  <testcase classname="testpages.StarHealthPageTest" name="GetAQuoate" time="6.641"/>
  <testcase classname="testpages.StarHealthPageTest" name="Input_Authorize_Form" time="39.422"/>
  <testcase classname="testpages.StarHealthPageTest" name="Get_Value" time="3.119"/>
  <testcase classname="testpages.StarHealthPageTest" name="clickontwitter" time="0.088"/>
  <testcase classname="testpages.StarHealthPageTest" name="validatetwitter" time="7.187"/>
</testsuite> <!-- testpages.StarHealthPageTest -->
