<?xml version="1.0" encoding="UTF-8"?>
<!-- Generated by org.testng.reporters.JUnitReportReporter -->
<testsuite hostname="ASISH" failures="0" tests="7" name="testpages.StarHealthPageTest" time="61.398" errors="0" timestamp="2023-10-23T23:09:11 IST" skipped="0">
  <testcase classname="testpages.StarHealthPageTest" name="Validate_Alt_Value_Of_Logo" time="8.177"/>
  <system-out/>
  <testcase classname="testpages.StarHealthPageTest" name="click_on_plans" time="4.939"/>
  <system-out/>
  <testcase classname="testpages.StarHealthPageTest" name="GetAQuoate" time="6.657"/>
  <system-out/>
  <testcase classname="testpages.StarHealthPageTest" name="Input_Authorize_Form" time="31.845"/>
  <system-out/>
  <testcase classname="testpages.StarHealthPageTest" name="Get_Value" time="3.227"/>
  <system-out/>
  <testcase classname="testpages.StarHealthPageTest" name="clickontwitter" time="0.155"/>
  <system-out/>
  <testcase classname="testpages.StarHealthPageTest" name="validatetwitter" time="6.398"/>
  <system-out/>
</testsuite> <!-- testpages.StarHealthPageTest -->
